<?xml version="1.0" encoding="UTF-8"?>
<testsuite name="testsUnitaris.TestCtrlProducte" tests="29" skipped="0" failures="0" errors="0" timestamp="2024-11-18T12:33:11" hostname="DESKTOP-OTOV9DL" time="0.023">
  <properties/>
  <testcase name="testAltaProducte" classname="testsUnitaris.TestCtrlProducte" time="0.001"/>
  <testcase name="testEliminarSimilitudProducto1NoExiste" classname="testsUnitaris.TestCtrlProducte" time="0.001"/>
  <testcase name="testGetMaxHuecoNotFound" classname="testsUnitaris.TestCtrlProducte" time="0.001"/>
  <testcase name="testAfegirSimilitudProducto1NoExiste" classname="testsUnitaris.TestCtrlProducte" time="0.001"/>
  <testcase name="testDecrementarStockNegativeQuantity" classname="testsUnitaris.TestCtrlProducte" time="0.001"/>
  <testcase name="testGetProducteNotFound" classname="testsUnitaris.TestCtrlProducte" time="0.002"/>
  <testcase name="testEliminarSimilitud" classname="testsUnitaris.TestCtrlProducte" time="0.001"/>
  <testcase name="testGetSimilitudFirstProductNull" classname="testsUnitaris.TestCtrlProducte" time="0.0"/>
  <testcase name="testIncrementarStock" classname="testsUnitaris.TestCtrlProducte" time="0.001"/>
  <testcase name="testAfegirSimilitud" classname="testsUnitaris.TestCtrlProducte" time="0.0"/>
  <testcase name="testGetStockMagatzemNotFound" classname="testsUnitaris.TestCtrlProducte" time="0.001"/>
  <testcase name="testEliminarSimilitudMismoProducto" classname="testsUnitaris.TestCtrlProducte" time="0.001"/>
  <testcase name="testGetProducte" classname="testsUnitaris.TestCtrlProducte" time="0.001"/>
  <testcase name="testExecutarComandesValid" classname="testsUnitaris.TestCtrlProducte" time="0.0"/>
  <testcase name="testEliminarProducteNoExistente" classname="testsUnitaris.TestCtrlProducte" time="0.0"/>
  <testcase name="testObtenirComandaAutomatica" classname="testsUnitaris.TestCtrlProducte" time="0.001"/>
  <testcase name="testExecutarComandesValid2" classname="testsUnitaris.TestCtrlProducte" time="0.0"/>
  <testcase name="testIncrementarStockProductoNoExistente" classname="testsUnitaris.TestCtrlProducte" time="0.0"/>
  <testcase name="testAltaProducteYaExistente" classname="testsUnitaris.TestCtrlProducte" time="0.001"/>
  <testcase name="testEliminarSimilitudProducto2NoExiste" classname="testsUnitaris.TestCtrlProducte" time="0.001"/>
  <testcase name="testAfegirSimilitudProducto2NoExiste" classname="testsUnitaris.TestCtrlProducte" time="0.001"/>
  <testcase name="testDecrementarStock" classname="testsUnitaris.TestCtrlProducte" time="0.0"/>
  <testcase name="testDecrementarStockNonExistentProduct" classname="testsUnitaris.TestCtrlProducte" time="0.001"/>
  <testcase name="testGetMagatzem" classname="testsUnitaris.TestCtrlProducte" time="0.001"/>
  <testcase name="testEliminarProducte" classname="testsUnitaris.TestCtrlProducte" time="0.0"/>
  <testcase name="testGetMaxHueco" classname="testsUnitaris.TestCtrlProducte" time="0.001"/>
  <testcase name="testAfegirSimilitudMismoProducto" classname="testsUnitaris.TestCtrlProducte" time="0.001"/>
  <testcase name="testGetSimilitudSecondProductNull" classname="testsUnitaris.TestCtrlProducte" time="0.0"/>
  <testcase name="testIncrementarStockHastaMaximo" classname="testsUnitaris.TestCtrlProducte" time="0.001"/>
  <system-out><![CDATA[Consulta del producte Producte1 feta correctament!
Consulta del magatzem feta correctament!
]]></system-out>
  <system-err><![CDATA[]]></system-err>
</testsuite>
